e:\університет\2 курс\ооп\курсова\projectmanager\projectmanager\debug\projectmanager.pch.codeanalysis
e:\університет\2 курс\ооп\курсова\projectmanager\projectmanager\debug\vc141.pdb
e:\університет\2 курс\ооп\курсова\projectmanager\projectmanager\debug\projectmanager.pch.codeanalysisast
e:\університет\2 курс\ооп\курсова\projectmanager\projectmanager\debug\stdafx.nativecodeanalysis.xml
e:\університет\2 курс\ооп\курсова\projectmanager\projectmanager\debug\stdafx.obj
e:\університет\2 курс\ооп\курсова\projectmanager\projectmanager\debug\project.nativecodeanalysis.xml
e:\університет\2 курс\ооп\курсова\projectmanager\projectmanager\debug\form1.nativecodeanalysis.xml
e:\університет\2 курс\ооп\курсова\projectmanager\projectmanager\debug\cppclr_winformsprojekt.nativecodeanalysis.xml
e:\університет\2 курс\ооп\курсова\projectmanager\projectmanager\debug\assemblyinfo.nativecodeanalysis.xml
e:\університет\2 курс\ооп\курсова\projectmanager\projectmanager\debug\assemblyinfo.obj
e:\університет\2 курс\ооп\курсова\projectmanager\projectmanager\debug\cppclr_winformsprojekt.obj
e:\університет\2 курс\ооп\курсова\projectmanager\projectmanager\debug\form1.obj
e:\університет\2 курс\ооп\курсова\projectmanager\projectmanager\debug\project.obj
e:\університет\2 курс\ооп\курсова\projectmanager\projectmanager\debug\.netframework,version=v4.5.2.assemblyattributes.nativecodeanalysis.xml
e:\університет\2 курс\ооп\курсова\projectmanager\projectmanager\debug\.netframework,version=v4.5.2.assemblyattributes.obj
e:\університет\2 курс\ооп\курсова\projectmanager\projectmanager\debug\.netframework,version=v4.5.2.assemblyattributes.asm
e:\університет\2 курс\ооп\курсова\projectmanager\projectmanager\debug\projectmanager.mainform.resources
e:\університет\2 курс\ооп\курсова\projectmanager\projectmanager\debug\app.res
e:\університет\2 курс\ооп\курсова\projectmanager\projectmanager\debug\projectmanager.vcxproj.generateresource.cache
e:\університет\2 курс\ооп\курсова\projectmanager\debug\projectmanager.pdb
e:\університет\2 курс\ооп\курсова\projectmanager\projectmanager\debug\projectmanager.tlog\cl.command.1.tlog
e:\університет\2 курс\ооп\курсова\projectmanager\projectmanager\debug\projectmanager.tlog\cl.read.1.tlog
e:\університет\2 курс\ооп\курсова\projectmanager\projectmanager\debug\projectmanager.tlog\cl.write.1.tlog
e:\університет\2 курс\ооп\курсова\projectmanager\projectmanager\debug\projectmanager.tlog\link-cvtres.read.1.tlog
e:\університет\2 курс\ооп\курсова\projectmanager\projectmanager\debug\projectmanager.tlog\link-cvtres.write.1.tlog
e:\університет\2 курс\ооп\курсова\projectmanager\projectmanager\debug\projectmanager.tlog\link-rc.read.1.tlog
e:\університет\2 курс\ооп\курсова\projectmanager\projectmanager\debug\projectmanager.tlog\link-rc.write.1.tlog
e:\університет\2 курс\ооп\курсова\projectmanager\projectmanager\debug\projectmanager.tlog\link.command.1.tlog
e:\університет\2 курс\ооп\курсова\projectmanager\projectmanager\debug\projectmanager.tlog\link.read.1.tlog
e:\університет\2 курс\ооп\курсова\projectmanager\projectmanager\debug\projectmanager.tlog\link.write.1.tlog
e:\університет\2 курс\ооп\курсова\projectmanager\projectmanager\debug\projectmanager.tlog\metagen.read.1.tlog
e:\університет\2 курс\ооп\курсова\projectmanager\projectmanager\debug\projectmanager.tlog\metagen.write.1.tlog
e:\університет\2 курс\ооп\курсова\projectmanager\projectmanager\debug\projectmanager.tlog\projectmanager.write.1u.tlog
e:\університет\2 курс\ооп\курсова\projectmanager\projectmanager\debug\projectmanager.tlog\rc.command.1.tlog
e:\університет\2 курс\ооп\курсова\projectmanager\projectmanager\debug\projectmanager.tlog\rc.read.1.tlog
e:\університет\2 курс\ооп\курсова\projectmanager\projectmanager\debug\projectmanager.tlog\rc.write.1.tlog
e:\університет\2 курс\ооп\курсова\projectmanager\projectmanager\debug\projectmanager.tlog\tzres.dll.bi
